<?xml version="1.0" encoding="UTF-8"?>
<!-- Generated by org.testng.reporters.JUnitReportReporter -->
<testsuite skipped="0" hostname="GreensTech-PC" name="org.test.Facebook" tests="3" failures="0" timestamp="15 Apr 2021 06:23:52 GMT" time="40.088" errors="0">
  <testcase name="launch" time="12.929" classname="org.test.Facebook"/>
  <testcase name="launch" time="11.895" classname="org.test.Facebook"/>
  <testcase name="launch" time="15.264" classname="org.test.Facebook"/>
</testsuite> <!-- org.test.Facebook -->
