<?xml version="1.0" encoding="UTF-8"?>
<!-- Generated by org.testng.reporters.JUnitReportReporter -->
<testsuite skipped="0" hostname="GreensTech-PC" name="org.test.A" tests="2" failures="0" timestamp="11 Apr 2021 07:55:43 GMT" time="0.024" errors="0">
  <testcase name="test" time="0.002" classname="org.test.A"/>
  <testcase name="test" time="0.022" classname="org.test.A"/>
</testsuite> <!-- org.test.A -->
